<?xml version="1.0" encoding="UTF-8"?>
<!-- Generated by org.testng.reporters.JUnitReportReporter -->
<testsuite hostname="Asplapnav464" failures="0" tests="2" name="Test1.TestNgParallelTestingTest" time="25.672" errors="0" timestamp="2022-07-06T17:26:29 IST" skipped="0">
  <testcase classname="Test1.TestNgParallelTestingTest" name="test1" time="12.472"/>
  <system-out/>
  <testcase classname="Test1.TestNgParallelTestingTest" name="test2" time="13.200"/>
  <system-out/>
</testsuite> <!-- Test1.TestNgParallelTestingTest -->
